# JRE version: 7.0_11-b21
# Java VM: Java HotSpot(TM) 64-Bit Server VM (23.6-b04 mixed mode bsd-amd64 compressed oops)
Heap
 PSYoungGen      total 363904K, used 117122K [0x000000013c8a0000, 0x0000000155740000, 0x0000000155740000)
  eden space 342144K, 34% used [0x000000013c8a0000,0x0000000143b00ae8,0x00000001516c0000)
  from space 21760K, 0% used [0x00000001516c0000,0x00000001516c0000,0x0000000152c00000)
  to   space 33984K, 0% used [0x0000000153610000,0x0000000153610000,0x0000000155740000)
 ParOldGen       total 107840K, used 63681K [0x000000010ab40000, 0x0000000111490000, 0x000000013c8a0000)
  object space 107840K, 59% used [0x000000010ab40000,0x000000010e9705e0,0x0000000111490000)
 PSPermGen       total 46912K, used 20776K [0x0000000105940000, 0x0000000108710000, 0x000000010ab40000)
  object space 46912K, 44% used [0x0000000105940000,0x0000000106d8a0d8,0x0000000108710000)
GC Heap History (10 events):
Event: 152.825 GC heap before
{Heap before GC invocations=19 (full 1):
 PSYoungGen      total 373632K, used 358720K [0x000000013c8a0000, 0x00000001554a0000, 0x0000000155740000)
  eden space 342016K, 100% used [0x000000013c8a0000,0x00000001516a0000,0x00000001516a0000)
  from space 31616K, 52% used [0x00000001516a0000,0x00000001526f0000,0x0000000153580000)
  to   space 30784K, 0% used [0x0000000153690000,0x0000000153690000,0x00000001554a0000)
 ParOldGen       total 92160K, used 68225K [0x000000010ab40000, 0x0000000110540000, 0x000000013c8a0000)
  object space 92160K, 74% used [0x000000010ab40000,0x000000010ede0720,0x0000000110540000)
 PSPermGen       total 41728K, used 20727K [0x0000000105940000, 0x0000000108200000, 0x000000010ab40000)
  object space 41728K, 49% used [0x0000000105940000,0x0000000106d7dc80,0x0000000108200000)
Event: 152.912 GC heap after
Heap after GC invocations=19 (full 1):
 PSYoungGen      total 375552K, used 10880K [0x000000013c8a0000, 0x0000000155470000, 0x0000000155740000)
  eden space 344960K, 0% used [0x000000013c8a0000,0x000000013c8a0000,0x0000000151980000)
  from space 30592K, 35% used [0x0000000153690000,0x0000000154130000,0x0000000155470000)
  to   space 29760K, 0% used [0x0000000151980000,0x0000000151980000,0x0000000153690000)
 ParOldGen       total 92160K, used 68577K [0x000000010ab40000, 0x0000000110540000, 0x000000013c8a0000)
  object space 92160K, 74% used [0x000000010ab40000,0x000000010ee38720,0x0000000110540000)
 PSPermGen       total 41728K, used 20727K [0x0000000105940000, 0x0000000108200000, 0x000000010ab40000)
  object space 41728K, 49% used [0x0000000105940000,0x0000000106d7dc80,0x0000000108200000)
}
Event: 198.536 GC heap before
{Heap before GC invocations=20 (full 1):
 PSYoungGen      total 375552K, used 355840K [0x000000013c8a0000, 0x0000000155470000, 0x0000000155740000)
  eden space 344960K, 100% used [0x000000013c8a0000,0x0000000151980000,0x0000000151980000)
  from space 30592K, 35% used [0x0000000153690000,0x0000000154130000,0x0000000155470000)
  to   space 29760K, 0% used [0x0000000151980000,0x0000000151980000,0x0000000153690000)
 ParOldGen       total 92160K, used 68577K [0x000000010ab40000, 0x0000000110540000, 0x000000013c8a0000)
  object space 92160K, 74% used [0x000000010ab40000,0x000000010ee38720,0x0000000110540000)
 PSPermGen       total 41728K, used 20738K [0x0000000105940000, 0x0000000108200000, 0x000000010ab40000)
  object space 41728K, 49% used [0x0000000105940000,0x0000000106d80958,0x0000000108200000)
Event: 198.547 GC heap after
Heap after GC invocations=20 (full 1):
 PSYoungGen      total 374720K, used 1984K [0x000000013c8a0000, 0x0000000155740000, 0x0000000155740000)
  eden space 344960K, 0% used [0x000000013c8a0000,0x000000013c8a0000,0x0000000151980000)
  from space 29760K, 6% used [0x0000000151980000,0x0000000151b70030,0x0000000153690000)
  to   space 30208K, 0% used [0x00000001539c0000,0x00000001539c0000,0x0000000155740000)
 ParOldGen       total 92160K, used 69289K [0x000000010ab40000, 0x0000000110540000, 0x000000013c8a0000)
  object space 92160K, 75% used [0x000000010ab40000,0x000000010eeea720,0x0000000110540000)
 PSPermGen       total 41728K, used 20738K [0x0000000105940000, 0x0000000108200000, 0x000000010ab40000)
  object space 41728K, 49% used [0x0000000105940000,0x0000000106d80958,0x0000000108200000)
}
Event: 210.502 GC heap before
{Heap before GC invocations=21 (full 1):
 PSYoungGen      total 374720K, used 346944K [0x000000013c8a0000, 0x0000000155740000, 0x0000000155740000)
  eden space 344960K, 100% used [0x000000013c8a0000,0x0000000151980000,0x0000000151980000)
  from space 29760K, 6% used [0x0000000151980000,0x0000000151b70030,0x0000000153690000)
  to   space 30208K, 0% used [0x00000001539c0000,0x00000001539c0000,0x0000000155740000)
 ParOldGen       total 92160K, used 69289K [0x000000010ab40000, 0x0000000110540000, 0x000000013c8a0000)
  object space 92160K, 75% used [0x000000010ab40000,0x000000010eeea720,0x0000000110540000)
 PSPermGen       total 41728K, used 20740K [0x0000000105940000, 0x0000000108200000, 0x000000010ab40000)
  object space 41728K, 49% used [0x0000000105940000,0x0000000106d81308,0x0000000108200000)
Event: 210.589 GC heap after
Heap after GC invocations=21 (full 1):
 PSYoungGen      total 372352K, used 25056K [0x000000013c8a0000, 0x0000000155740000, 0x0000000155740000)
  eden space 342144K, 0% used [0x000000013c8a0000,0x000000013c8a0000,0x00000001516c0000)
  from space 30208K, 82% used [0x00000001539c0000,0x0000000155238000,0x0000000155740000)
  to   space 33024K, 0% used [0x00000001516c0000,0x00000001516c0000,0x0000000153700000)
 ParOldGen       total 92160K, used 71206K [0x000000010ab40000, 0x0000000110540000, 0x000000013c8a0000)
  object space 92160K, 77% used [0x000000010ab40000,0x000000010f0c9880,0x0000000110540000)
 PSPermGen       total 41728K, used 20740K [0x0000000105940000, 0x0000000108200000, 0x000000010ab40000)
  object space 41728K, 49% used [0x0000000105940000,0x0000000106d81308,0x0000000108200000)
}
Event: 217.869 GC heap before
{Heap before GC invocations=22 (full 1):
 PSYoungGen      total 372352K, used 367200K [0x000000013c8a0000, 0x0000000155740000, 0x0000000155740000)
  eden space 342144K, 100% used [0x000000013c8a0000,0x00000001516c0000,0x00000001516c0000)
  from space 30208K, 82% used [0x00000001539c0000,0x0000000155238000,0x0000000155740000)
  to   space 33024K, 0% used [0x00000001516c0000,0x00000001516c0000,0x0000000153700000)
 ParOldGen       total 92160K, used 71206K [0x000000010ab40000, 0x0000000110540000, 0x000000013c8a0000)
  object space 92160K, 77% used [0x000000010ab40000,0x000000010f0c9880,0x0000000110540000)
 PSPermGen       total 41728K, used 20741K [0x0000000105940000, 0x0000000108200000, 0x000000010ab40000)
  object space 41728K, 49% used [0x0000000105940000,0x0000000106d815c8,0x0000000108200000)
Event: 217.988 GC heap after
Heap after GC invocations=22 (full 1):
 PSYoungGen      total 363904K, used 21728K [0x000000013c8a0000, 0x0000000155740000, 0x0000000155740000)
  eden space 342144K, 0% used [0x000000013c8a0000,0x000000013c8a0000,0x00000001516c0000)
  from space 21760K, 99% used [0x00000001516c0000,0x0000000152bf8000,0x0000000152c00000)
  to   space 33984K, 0% used [0x0000000153610000,0x0000000153610000,0x0000000155740000)
 ParOldGen       total 92160K, used 82874K [0x000000010ab40000, 0x0000000110540000, 0x000000013c8a0000)
  object space 92160K, 89% used [0x000000010ab40000,0x000000010fc2e930,0x0000000110540000)
 PSPermGen       total 41728K, used 20741K [0x0000000105940000, 0x0000000108200000, 0x000000010ab40000)
  object space 41728K, 49% used [0x0000000105940000,0x0000000106d815c8,0x0000000108200000)
}
Event: 217.988 GC heap before
{Heap before GC invocations=23 (full 2):
 PSYoungGen      total 363904K, used 21728K [0x000000013c8a0000, 0x0000000155740000, 0x0000000155740000)
  eden space 342144K, 0% used [0x000000013c8a0000,0x000000013c8a0000,0x00000001516c0000)
  from space 21760K, 99% used [0x00000001516c0000,0x0000000152bf8000,0x0000000152c00000)
  to   space 33984K, 0% used [0x0000000153610000,0x0000000153610000,0x0000000155740000)
 ParOldGen       total 92160K, used 82874K [0x000000010ab40000, 0x0000000110540000, 0x000000013c8a0000)
  object space 92160K, 89% used [0x000000010ab40000,0x000000010fc2e930,0x0000000110540000)
 PSPermGen       total 41728K, used 20741K [0x0000000105940000, 0x0000000108200000, 0x000000010ab40000)
  object space 41728K, 49% used [0x0000000105940000,0x0000000106d815c8,0x0000000108200000)
Event: 218.215 GC heap after
Heap after GC invocations=23 (full 2):
 PSYoungGen      total 363904K, used 0K [0x000000013c8a0000, 0x0000000155740000, 0x0000000155740000)
  eden space 342144K, 0% used [0x000000013c8a0000,0x000000013c8a0000,0x00000001516c0000)
  from space 21760K, 0% used [0x00000001516c0000,0x00000001516c0000,0x0000000152c00000)
  to   space 33984K, 0% used [0x0000000153610000,0x0000000153610000,0x0000000155740000)
 ParOldGen       total 107840K, used 63681K [0x000000010ab40000, 0x0000000111490000, 0x000000013c8a0000)
  object space 107840K, 59% used [0x000000010ab40000,0x000000010e9705e0,0x0000000111490000)
 PSPermGen       total 46912K, used 20741K [0x0000000105940000, 0x0000000108710000, 0x000000010ab40000)
  object space 46912K, 44% used [0x0000000105940000,0x0000000106d81588,0x0000000108710000)
}

